#
# There is insufficient memory for the Java Runtime Environment to continue.
# Native memory allocation (malloc) failed to allocate 559056 bytes for Chunk::new
# Possible reasons:
#   The system is out of physical RAM or swap space
#   The process is running with CompressedOops enabled, and the Java Heap may be blocking the growth of the native heap
# Possible solutions:
#   Reduce memory load on the system
#   Increase physical memory or swap space
#   Check if swap backing store is full
#   Decrease Java heap size (-Xmx/-Xms)
#   Decrease number of Java threads
#   Decrease Java thread stack sizes (-Xss)
#   Set larger code cache with -XX:ReservedCodeCacheSize=
#   JVM is running with Unscaled Compressed Oops mode in which the Java heap is
#     placed in the first 4GB address space. The Java Heap base address is the
#     maximum limit for the native heap growth. Please use -XX:HeapBaseMinAddress
#     to set the Java Heap base and to place the Java Heap above 4GB virtual address.
# This output file may be truncated or incomplete.
#
#  Out of Memory Error (./src/hotspot/share/memory/arena.cpp:197), pid=15988, tid=12744
#
# JRE version: OpenJDK Runtime Environment (11.0.11+9) (build 11.0.11+9-b60-7590822)
# Java VM: OpenJDK 64-Bit Server VM (11.0.11+9-b60-7590822, mixed mode, tiered, compressed oops, g1 gc, windows-amd64)
# No core dump will be written. Minidumps are not enabled by default on client versions of Windows
#

---------------  S U M M A R Y ------------

Command Line: --add-opens=java.base/java.util=ALL-UNNAMED --add-opens=java.base/java.lang=ALL-UNNAMED --add-opens=java.base/java.lang.invoke=ALL-UNNAMED --add-opens=java.base/java.util=ALL-UNNAMED --add-opens=java.prefs/java.util.prefs=ALL-UNNAMED --add-opens=java.prefs/java.util.prefs=ALL-UNNAMED --add-opens=java.base/java.nio.charset=ALL-UNNAMED --add-opens=java.base/java.net=ALL-UNNAMED --add-opens=java.base/java.util.concurrent.atomic=ALL-UNNAMED -Xmx2048m -Dfile.encoding=UTF-8 -Duser.country=RU -Duser.language=ru -Duser.variant org.gradle.launcher.daemon.bootstrap.GradleDaemon 7.2

Host: Intel(R) Core(TM) i5-8250U CPU @ 1.60GHz, 8 cores, 7G,  Windows 10 , 64 bit Build 22000 (10.0.22000.613)
Time: Thu Apr 28 21:18:16 2022 RTZ 2 (зима) elapsed time: 6.380876 seconds (0d 0h 0m 6s)

---------------  T H R E A D  ---------------

Current thread (0x000001e3313bd000):  JavaThread "C2 CompilerThread0" daemon [_thread_in_native, id=12744, stack(0x000000cb93b00000,0x000000cb93c00000)]


Current CompileTask:
C2:   6380 2011   !   4       java.net.URLClassLoader$1::run (63 bytes)

Stack: [0x000000cb93b00000,0x000000cb93c00000]
Native frames: (J=compiled Java code, j=interpreted, Vv=VM code, C=native code)
V  [jvm.dll+0x5f214a]
V  [jvm.dll+0x726fb5]
V  [jvm.dll+0x7285cd]
V  [jvm.dll+0x728c83]
V  [jvm.dll+0x243278]
V  [jvm.dll+0xbc53c]
V  [jvm.dll+0xbca3c]
V  [jvm.dll+0x353e7d]
V  [jvm.dll+0x1983c0]
V  [jvm.dll+0x1fc2ee]
V  [jvm.dll+0x1fb3d4]
V  [jvm.dll+0x183d6c]
V  [jvm.dll+0x209a57]
V  [jvm.dll+0x2082a1]
V  [jvm.dll+0x6ef58f]
V  [jvm.dll+0x6e80b5]
V  [jvm.dll+0x5f1036]
C  [ucrtbase.dll+0x26c0c]
C  [KERNEL32.DLL+0x154e0]
C  [ntdll.dll+0x485b]


---------------  P R O C E S S  ---------------

Threads class SMR info:
_java_thread_list=0x000001e334a394f0, length=24, elements={
0x000001e316f0e800, 0x000001e3313a8800, 0x000001e3313b2000, 0x000001e331d2c000,
0x000001e331d2d000, 0x000001e331d2e800, 0x000001e3313bd000, 0x000001e3313c9800,
0x000001e3313cb800, 0x000001e331e99000, 0x000001e333501000, 0x000001e3334a2000,
0x000001e333ef1800, 0x000001e334558000, 0x000001e331fa0800, 0x000001e334a63000,
0x000001e332e41000, 0x000001e33417c800, 0x000001e333f0a800, 0x000001e333ee5800,
0x000001e333ee4800, 0x000001e333ee1800, 0x000001e333ee2800, 0x000001e333ee4000
}

Java Threads: ( => current thread )
  0x000001e316f0e800 JavaThread "main" [_thread_blocked, id=8680, stack(0x000000cb92f00000,0x000000cb93000000)]
  0x000001e3313a8800 JavaThread "Reference Handler" daemon [_thread_blocked, id=14796, stack(0x000000cb93600000,0x000000cb93700000)]
  0x000001e3313b2000 JavaThread "Finalizer" daemon [_thread_blocked, id=14200, stack(0x000000cb93700000,0x000000cb93800000)]
  0x000001e331d2c000 JavaThread "Signal Dispatcher" daemon [_thread_blocked, id=11712, stack(0x000000cb93800000,0x000000cb93900000)]
  0x000001e331d2d000 JavaThread "Attach Listener" daemon [_thread_blocked, id=2524, stack(0x000000cb93900000,0x000000cb93a00000)]
  0x000001e331d2e800 JavaThread "Service Thread" daemon [_thread_blocked, id=3216, stack(0x000000cb93a00000,0x000000cb93b00000)]
=>0x000001e3313bd000 JavaThread "C2 CompilerThread0" daemon [_thread_in_native, id=12744, stack(0x000000cb93b00000,0x000000cb93c00000)]
  0x000001e3313c9800 JavaThread "C1 CompilerThread0" daemon [_thread_blocked, id=7504, stack(0x000000cb93c00000,0x000000cb93d00000)]
  0x000001e3313cb800 JavaThread "Sweeper thread" daemon [_thread_blocked, id=8244, stack(0x000000cb93d00000,0x000000cb93e00000)]
  0x000001e331e99000 JavaThread "Common-Cleaner" daemon [_thread_blocked, id=5780, stack(0x000000cb93e00000,0x000000cb93f00000)]
  0x000001e333501000 JavaThread "Daemon health stats" [_thread_blocked, id=8288, stack(0x000000cb94300000,0x000000cb94400000)]
  0x000001e3334a2000 JavaThread "Incoming local TCP Connector on port 49438" [_thread_in_native, id=4484, stack(0x000000cb94000000,0x000000cb94100000)]
  0x000001e333ef1800 JavaThread "Daemon periodic checks" [_thread_blocked, id=17220, stack(0x000000cb94100000,0x000000cb94200000)]
  0x000001e334558000 JavaThread "Daemon" [_thread_blocked, id=7836, stack(0x000000cb94400000,0x000000cb94500000)]
  0x000001e331fa0800 JavaThread "Handler for socket connection from /127.0.0.1:49438 to /127.0.0.1:49439" [_thread_in_native, id=5108, stack(0x000000cb94500000,0x000000cb94600000)]
  0x000001e334a63000 JavaThread "Cancel handler" [_thread_blocked, id=10984, stack(0x000000cb94600000,0x000000cb94700000)]
  0x000001e332e41000 JavaThread "Daemon worker" [_thread_in_Java, id=13904, stack(0x000000cb94700000,0x000000cb94800000)]
  0x000001e33417c800 JavaThread "Asynchronous log dispatcher for DefaultDaemonConnection: socket connection from /127.0.0.1:49438 to /127.0.0.1:49439" [_thread_blocked, id=12776, stack(0x000000cb94800000,0x000000cb94900000)]
  0x000001e333f0a800 JavaThread "Stdin handler" [_thread_blocked, id=8892, stack(0x000000cb94900000,0x000000cb94a00000)]
  0x000001e333ee5800 JavaThread "Daemon client event forwarder" [_thread_blocked, id=11556, stack(0x000000cb94a00000,0x000000cb94b00000)]
  0x000001e333ee4800 JavaThread "Cache worker for journal cache (C:\Users\User\.gradle\caches\journal-1)" [_thread_blocked, id=16460, stack(0x000000cb95100000,0x000000cb95200000)]
  0x000001e333ee1800 JavaThread "File lock request listener" [_thread_in_native, id=13040, stack(0x000000cb95200000,0x000000cb95300000)]
  0x000001e333ee2800 JavaThread "Cache worker for file hash cache (C:\Users\User\.gradle\caches\7.2\fileHashes)" [_thread_blocked, id=292, stack(0x000000cb95300000,0x000000cb95400000)]
  0x000001e333ee4000 JavaThread "Cache worker for file hash cache (C:\Android\Netology\.gradle\7.2\fileHashes)" [_thread_blocked, id=4280, stack(0x000000cb95500000,0x000000cb95600000)]

Other Threads:
  0x000001e3313a2000 VMThread "VM Thread" [stack: 0x000000cb93500000,0x000000cb93600000] [id=11948]
  0x000001e331ea0800 WatcherThread [stack: 0x000000cb93f00000,0x000000cb94000000] [id=6716]
  0x000001e314d1c000 GCTaskThread "GC Thread#0" [stack: 0x000000cb93000000,0x000000cb93100000] [id=9668]
  0x000001e332b80000 GCTaskThread "GC Thread#1" [stack: 0x000000cb94200000,0x000000cb94300000] [id=15584]
  0x000001e33365a000 GCTaskThread "GC Thread#2" [stack: 0x000000cb94b00000,0x000000cb94c00000] [id=8284]
  0x000001e33440b000 GCTaskThread "GC Thread#3" [stack: 0x000000cb94c00000,0x000000cb94d00000] [id=14420]
  0x000001e33365d000 GCTaskThread "GC Thread#4" [stack: 0x000000cb94d00000,0x000000cb94e00000] [id=13452]
  0x000001e333669000 GCTaskThread "GC Thread#5" [stack: 0x000000cb94e00000,0x000000cb94f00000] [id=13640]
  0x000001e333b49800 GCTaskThread "GC Thread#6" [stack: 0x000000cb94f00000,0x000000cb95000000] [id=15580]
  0x000001e333b4a000 GCTaskThread "GC Thread#7" [stack: 0x000000cb95000000,0x000000cb95100000] [id=8852]
  0x000001e316f54800 ConcurrentGCThread "G1 Main Marker" [stack: 0x000000cb93100000,0x000000cb93200000] [id=5908]
  0x000001e316f55800 ConcurrentGCThread "G1 Conc#0" [stack: 0x000000cb93200000,0x000000cb93300000] [id=13384]
  0x000001e333355000 ConcurrentGCThread "G1 Conc#1" [stack: 0x000000cb95400000,0x000000cb95500000] [id=12164]
  0x000001e3311f2800 ConcurrentGCThread "G1 Refine#0" [stack: 0x000000cb93300000,0x000000cb93400000] [id=16064]
  0x000001e3311f3000 ConcurrentGCThread "G1 Young RemSet Sampling" [stack: 0x000000cb93400000,0x000000cb93500000] [id=7604]

Threads with active compile tasks:
C2 CompilerThread0   6442 2011   !   4       java.net.URLClassLoader$1::run (63 bytes)

VM state:not at safepoint (normal execution)

VM Mutex/Monitor currently owned by a thread: None

Heap address: 0x0000000080000000, size: 2048 MB, Compressed Oops mode: 32-bit
Narrow klass base: 0x0000000000000000, Narrow klass shift: 3
Compressed class space size: 1073741824 Address: 0x0000000100000000

Heap:
 garbage-first heap   total 126976K, used 56205K [0x0000000080000000, 0x0000000100000000)
  region size 1024K, 41 young (41984K), 2 survivors (2048K)
 Metaspace       used 24614K, capacity 25200K, committed 25392K, reserved 1071104K
  class space    used 3172K, capacity 3368K, committed 3456K, reserved 1048576K
Heap Regions: E=young(eden), S=young(survivor), O=old, HS=humongous(starts), HC=humongous(continues), CS=collection set, F=free, A=archive, TAMS=top-at-mark-start (previous, next)
|   0|0x0000000080000000, 0x0000000080100000, 0x0000000080100000|100%| O|  |TAMS 0x0000000080100000, 0x0000000080000000| Untracked 
|   1|0x0000000080100000, 0x0000000080200000, 0x0000000080200000|100%| O|  |TAMS 0x0000000080200000, 0x0000000080100000| Untracked 
|   2|0x0000000080200000, 0x0000000080300000, 0x0000000080300000|100%| O|  |TAMS 0x0000000080300000, 0x0000000080200000| Untracked 
|   3|0x0000000080300000, 0x0000000080400000, 0x0000000080400000|100%|HS|  |TAMS 0x0000000080400000, 0x0000000080300000| Complete 
|   4|0x0000000080400000, 0x0000000080500000, 0x0000000080500000|100%|HC|  |TAMS 0x0000000080500000, 0x0000000080400000| Complete 
|   5|0x0000000080500000, 0x0000000080600000, 0x0000000080600000|100%|HC|  |TAMS 0x0000000080600000, 0x0000000080500000| Complete 
|   6|0x0000000080600000, 0x0000000080700000, 0x0000000080700000|100%| O|  |TAMS 0x0000000080700000, 0x0000000080600000| Untracked 
|   7|0x0000000080700000, 0x0000000080800000, 0x0000000080800000|100%| O|  |TAMS 0x0000000080800000, 0x0000000080700000| Untracked 
|   8|0x0000000080800000, 0x0000000080900000, 0x0000000080900000|100%| O|  |TAMS 0x0000000080900000, 0x0000000080800000| Untracked 
|   9|0x0000000080900000, 0x0000000080a00000, 0x0000000080a00000|100%| O|  |TAMS 0x0000000080a00000, 0x0000000080900000| Untracked 
|  10|0x0000000080a00000, 0x0000000080b00000, 0x0000000080b00000|100%| O|  |TAMS 0x0000000080b00000, 0x0000000080a00000| Untracked 
|  11|0x0000000080b00000, 0x0000000080c00000, 0x0000000080c00000|100%| O|  |TAMS 0x0000000080c00000, 0x0000000080b00000| Untracked 
|  12|0x0000000080c00000, 0x0000000080d00000, 0x0000000080d00000|100%| O|  |TAMS 0x0000000080d00000, 0x0000000080c00000| Untracked 
|  13|0x0000000080d00000, 0x0000000080e00000, 0x0000000080e00000|100%| O|  |TAMS 0x0000000080e00000, 0x0000000080d00000| Untracked 
|  14|0x0000000080e00000, 0x0000000080f00000, 0x0000000080f00000|100%| O|  |TAMS 0x0000000080f00000, 0x0000000080e00000| Untracked 
|  15|0x0000000080f00000, 0x0000000080fbb600, 0x0000000081000000| 73%| O|  |TAMS 0x0000000080fbb600, 0x0000000080f00000| Untracked 
|  16|0x0000000081000000, 0x0000000081000000, 0x0000000081100000|  0%| F|  |TAMS 0x0000000081000000, 0x0000000081000000| Untracked 
|  17|0x0000000081100000, 0x0000000081100000, 0x0000000081200000|  0%| F|  |TAMS 0x0000000081100000, 0x0000000081100000| Untracked 
|  18|0x0000000081200000, 0x0000000081200000, 0x0000000081300000|  0%| F|  |TAMS 0x0000000081200000, 0x0000000081200000| Untracked 
|  19|0x0000000081300000, 0x0000000081300000, 0x0000000081400000|  0%| F|  |TAMS 0x0000000081300000, 0x0000000081300000| Untracked 
|  20|0x0000000081400000, 0x0000000081400000, 0x0000000081500000|  0%| F|  |TAMS 0x0000000081400000, 0x0000000081400000| Untracked 
|  21|0x0000000081500000, 0x0000000081500000, 0x0000000081600000|  0%| F|  |TAMS 0x0000000081500000, 0x0000000081500000| Untracked 
|  22|0x0000000081600000, 0x0000000081600000, 0x0000000081700000|  0%| F|  |TAMS 0x0000000081600000, 0x0000000081600000| Untracked 
|  23|0x0000000081700000, 0x0000000081700000, 0x0000000081800000|  0%| F|  |TAMS 0x0000000081700000, 0x0000000081700000| Untracked 
|  24|0x0000000081800000, 0x0000000081800000, 0x0000000081900000|  0%| F|  |TAMS 0x0000000081800000, 0x0000000081800000| Untracked 
|  25|0x0000000081900000, 0x0000000081900000, 0x0000000081a00000|  0%| F|  |TAMS 0x0000000081900000, 0x0000000081900000| Untracked 
|  26|0x0000000081a00000, 0x0000000081a00000, 0x0000000081b00000|  0%| F|  |TAMS 0x0000000081a00000, 0x0000000081a00000| Untracked 
|  27|0x0000000081b00000, 0x0000000081b00000, 0x0000000081c00000|  0%| F|  |TAMS 0x0000000081b00000, 0x0000000081b00000| Untracked 
|  28|0x0000000081c00000, 0x0000000081c00000, 0x0000000081d00000|  0%| F|  |TAMS 0x0000000081c00000, 0x0000000081c00000| Untracked 
|  29|0x0000000081d00000, 0x0000000081d00000, 0x0000000081e00000|  0%| F|  |TAMS 0x0000000081d00000, 0x0000000081d00000| Untracked 
|  30|0x0000000081e00000, 0x0000000081e00000, 0x0000000081f00000|  0%| F|  |TAMS 0x0000000081e00000, 0x0000000081e00000| Untracked 
|  31|0x0000000081f00000, 0x0000000081f00000, 0x0000000082000000|  0%| F|  |TAMS 0x0000000081f00000, 0x0000000081f00000| Untracked 
|  32|0x0000000082000000, 0x0000000082000000, 0x0000000082100000|  0%| F|  |TAMS 0x0000000082000000, 0x0000000082000000| Untracked 
|  33|0x0000000082100000, 0x0000000082100000, 0x0000000082200000|  0%| F|  |TAMS 0x0000000082100000, 0x0000000082100000| Untracked 
|  34|0x0000000082200000, 0x0000000082200000, 0x0000000082300000|  0%| F|  |TAMS 0x0000000082200000, 0x0000000082200000| Untracked 
|  35|0x0000000082300000, 0x0000000082300000, 0x0000000082400000|  0%| F|  |TAMS 0x0000000082300000, 0x0000000082300000| Untracked 
|  36|0x0000000082400000, 0x0000000082400000, 0x0000000082500000|  0%| F|  |TAMS 0x0000000082400000, 0x0000000082400000| Untracked 
|  37|0x0000000082500000, 0x0000000082500000, 0x0000000082600000|  0%| F|  |TAMS 0x0000000082500000, 0x0000000082500000| Untracked 
|  38|0x0000000082600000, 0x0000000082600000, 0x0000000082700000|  0%| F|  |TAMS 0x0000000082600000, 0x0000000082600000| Untracked 
|  39|0x0000000082700000, 0x0000000082700000, 0x0000000082800000|  0%| F|  |TAMS 0x0000000082700000, 0x0000000082700000| Untracked 
|  40|0x0000000082800000, 0x0000000082800000, 0x0000000082900000|  0%| F|  |TAMS 0x0000000082800000, 0x0000000082800000| Untracked 
|  41|0x0000000082900000, 0x0000000082900000, 0x0000000082a00000|  0%| F|  |TAMS 0x0000000082900000, 0x0000000082900000| Untracked 
|  42|0x0000000082a00000, 0x0000000082a00000, 0x0000000082b00000|  0%| F|  |TAMS 0x0000000082a00000, 0x0000000082a00000| Untracked 
|  43|0x0000000082b00000, 0x0000000082b00000, 0x0000000082c00000|  0%| F|  |TAMS 0x0000000082b00000, 0x0000000082b00000| Untracked 
|  44|0x0000000082c00000, 0x0000000082c00000, 0x0000000082d00000|  0%| F|  |TAMS 0x0000000082c00000, 0x0000000082c00000| Untracked 
|  45|0x0000000082d00000, 0x0000000082d00000, 0x0000000082e00000|  0%| F|  |TAMS 0x0000000082d00000, 0x0000000082d00000| Untracked 
|  46|0x0000000082e00000, 0x0000000082e00000, 0x0000000082f00000|  0%| F|  |TAMS 0x0000000082e00000, 0x0000000082e00000| Untracked 
|  47|0x0000000082f00000, 0x0000000082f00000, 0x0000000083000000|  0%| F|  |TAMS 0x0000000082f00000, 0x0000000082f00000| Untracked 
|  48|0x0000000083000000, 0x0000000083000000, 0x0000000083100000|  0%| F|  |TAMS 0x0000000083000000, 0x0000000083000000| Untracked 
|  49|0x0000000083100000, 0x0000000083100000, 0x0000000083200000|  0%| F|  |TAMS 0x0000000083100000, 0x0000000083100000| Untracked 
|  50|0x0000000083200000, 0x0000000083200000, 0x0000000083300000|  0%| F|  |TAMS 0x0000000083200000, 0x0000000083200000| Untracked 
|  51|0x0000000083300000, 0x0000000083300000, 0x0000000083400000|  0%| F|  |TAMS 0x0000000083300000, 0x0000000083300000| Untracked 
|  52|0x0000000083400000, 0x0000000083400000, 0x0000000083500000|  0%| F|  |TAMS 0x0000000083400000, 0x0000000083400000| Untracked 
|  53|0x0000000083500000, 0x0000000083500000, 0x0000000083600000|  0%| F|  |TAMS 0x0000000083500000, 0x0000000083500000| Untracked 
|  54|0x0000000083600000, 0x0000000083600000, 0x0000000083700000|  0%| F|  |TAMS 0x0000000083600000, 0x0000000083600000| Untracked 
|  55|0x0000000083700000, 0x0000000083700000, 0x0000000083800000|  0%| F|  |TAMS 0x0000000083700000, 0x0000000083700000| Untracked 
|  56|0x0000000083800000, 0x0000000083800000, 0x0000000083900000|  0%| F|  |TAMS 0x0000000083800000, 0x0000000083800000| Untracked 
|  57|0x0000000083900000, 0x0000000083900000, 0x0000000083a00000|  0%| F|  |TAMS 0x0000000083900000, 0x0000000083900000| Untracked 
|  58|0x0000000083a00000, 0x0000000083a00000, 0x0000000083b00000|  0%| F|  |TAMS 0x0000000083a00000, 0x0000000083a00000| Untracked 
|  59|0x0000000083b00000, 0x0000000083b00000, 0x0000000083c00000|  0%| F|  |TAMS 0x0000000083b00000, 0x0000000083b00000| Untracked 
|  60|0x0000000083c00000, 0x0000000083c00000, 0x0000000083d00000|  0%| F|  |TAMS 0x0000000083c00000, 0x0000000083c00000| Untracked 
|  61|0x0000000083d00000, 0x0000000083d00000, 0x0000000083e00000|  0%| F|  |TAMS 0x0000000083d00000, 0x0000000083d00000| Untracked 
|  62|0x0000000083e00000, 0x0000000083e00000, 0x0000000083f00000|  0%| F|  |TAMS 0x0000000083e00000, 0x0000000083e00000| Untracked 
|  63|0x0000000083f00000, 0x0000000083f00000, 0x0000000084000000|  0%| F|  |TAMS 0x0000000083f00000, 0x0000000083f00000| Untracked 
|  64|0x0000000084000000, 0x0000000084000000, 0x0000000084100000|  0%| F|  |TAMS 0x0000000084000000, 0x0000000084000000| Untracked 
|  65|0x0000000084100000, 0x0000000084100000, 0x0000000084200000|  0%| F|  |TAMS 0x0000000084100000, 0x0000000084100000| Untracked 
|  66|0x0000000084200000, 0x0000000084200000, 0x0000000084300000|  0%| F|  |TAMS 0x0000000084200000, 0x0000000084200000| Untracked 
|  67|0x0000000084300000, 0x0000000084300000, 0x0000000084400000|  0%| F|  |TAMS 0x0000000084300000, 0x0000000084300000| Untracked 
|  68|0x0000000084400000, 0x0000000084400000, 0x0000000084500000|  0%| F|  |TAMS 0x0000000084400000, 0x0000000084400000| Untracked 
|  69|0x0000000084500000, 0x0000000084500000, 0x0000000084600000|  0%| F|  |TAMS 0x0000000084500000, 0x0000000084500000| Untracked 
|  70|0x0000000084600000, 0x0000000084600000, 0x0000000084700000|  0%| F|  |TAMS 0x0000000084600000, 0x0000000084600000| Untracked 
|  71|0x0000000084700000, 0x0000000084700000, 0x0000000084800000|  0%| F|  |TAMS 0x0000000084700000, 0x0000000084700000| Untracked 
|  72|0x0000000084800000, 0x0000000084800000, 0x0000000084900000|  0%| F|  |TAMS 0x0000000084800000, 0x0000000084800000| Untracked 
|  73|0x0000000084900000, 0x0000000084900000, 0x0000000084a00000|  0%| F|  |TAMS 0x0000000084900000, 0x0000000084900000| Untracked 
|  74|0x0000000084a00000, 0x0000000084a00000, 0x0000000084b00000|  0%| F|  |TAMS 0x0000000084a00000, 0x0000000084a00000| Untracked 
|  75|0x0000000084b00000, 0x0000000084b00000, 0x0000000084c00000|  0%| F|  |TAMS 0x0000000084b00000, 0x0000000084b00000| Untracked 
|  76|0x0000000084c00000, 0x0000000084c00000, 0x0000000084d00000|  0%| F|  |TAMS 0x0000000084c00000, 0x0000000084c00000| Untracked 
|  77|0x0000000084d00000, 0x0000000084d00000, 0x0000000084e00000|  0%| F|  |TAMS 0x0000000084d00000, 0x0000000084d00000| Untracked 
|  78|0x0000000084e00000, 0x0000000084e00000, 0x0000000084f00000|  0%| F|  |TAMS 0x0000000084e00000, 0x0000000084e00000| Untracked 
|  79|0x0000000084f00000, 0x0000000084f00000, 0x0000000085000000|  0%| F|  |TAMS 0x0000000084f00000, 0x0000000084f00000| Untracked 
|  80|0x0000000085000000, 0x0000000085000000, 0x0000000085100000|  0%| F|  |TAMS 0x0000000085000000, 0x0000000085000000| Untracked 
|  81|0x0000000085100000, 0x0000000085100000, 0x0000000085200000|  0%| F|  |TAMS 0x0000000085100000, 0x0000000085100000| Untracked 
|  82|0x0000000085200000, 0x0000000085200000, 0x0000000085300000|  0%| F|  |TAMS 0x0000000085200000, 0x0000000085200000| Untracked 
|  83|0x0000000085300000, 0x00000000853de450, 0x0000000085400000| 86%| E|  |TAMS 0x0000000085300000, 0x0000000085300000| Complete 
|  84|0x0000000085400000, 0x0000000085500000, 0x0000000085500000|100%| E|CS|TAMS 0x0000000085400000, 0x0000000085400000| Complete 
|  85|0x0000000085500000, 0x0000000085600000, 0x0000000085600000|100%| E|CS|TAMS 0x0000000085500000, 0x0000000085500000| Complete 
|  86|0x0000000085600000, 0x0000000085700000, 0x0000000085700000|100%| E|CS|TAMS 0x0000000085600000, 0x0000000085600000| Complete 
|  87|0x0000000085700000, 0x0000000085800000, 0x0000000085800000|100%| E|CS|TAMS 0x0000000085700000, 0x0000000085700000| Complete 
|  88|0x0000000085800000, 0x0000000085900000, 0x0000000085900000|100%| E|CS|TAMS 0x0000000085800000, 0x0000000085800000| Complete 
|  89|0x0000000085900000, 0x0000000085a00000, 0x0000000085a00000|100%| E|CS|TAMS 0x0000000085900000, 0x0000000085900000| Complete 
|  90|0x0000000085a00000, 0x0000000085b00000, 0x0000000085b00000|100%| E|CS|TAMS 0x0000000085a00000, 0x0000000085a00000| Complete 
|  91|0x0000000085b00000, 0x0000000085c00000, 0x0000000085c00000|100%| E|CS|TAMS 0x0000000085b00000, 0x0000000085b00000| Complete 
|  92|0x0000000085c00000, 0x0000000085d00000, 0x0000000085d00000|100%| E|CS|TAMS 0x0000000085c00000, 0x0000000085c00000| Complete 
|  93|0x0000000085d00000, 0x0000000085e00000, 0x0000000085e00000|100%| E|CS|TAMS 0x0000000085d00000, 0x0000000085d00000| Complete 
|  94|0x0000000085e00000, 0x0000000085f00000, 0x0000000085f00000|100%| E|CS|TAMS 0x0000000085e00000, 0x0000000085e00000| Complete 
|  95|0x0000000085f00000, 0x0000000086000000, 0x0000000086000000|100%| E|CS|TAMS 0x0000000085f00000, 0x0000000085f00000| Complete 
|  96|0x0000000086000000, 0x00000000860281c0, 0x0000000086100000| 15%| S|CS|TAMS 0x0000000086000000, 0x0000000086000000| Complete 
|  97|0x0000000086100000, 0x0000000086200000, 0x0000000086200000|100%| S|CS|TAMS 0x0000000086100000, 0x0000000086100000| Complete 
|  98|0x0000000086200000, 0x0000000086300000, 0x0000000086300000|100%| E|CS|TAMS 0x0000000086200000, 0x0000000086200000| Complete 
|  99|0x0000000086300000, 0x0000000086400000, 0x0000000086400000|100%| E|CS|TAMS 0x0000000086300000, 0x0000000086300000| Complete 
| 100|0x0000000086400000, 0x0000000086500000, 0x0000000086500000|100%| E|CS|TAMS 0x0000000086400000, 0x0000000086400000| Complete 
| 101|0x0000000086500000, 0x0000000086600000, 0x0000000086600000|100%| E|CS|TAMS 0x0000000086500000, 0x0000000086500000| Complete 
| 102|0x0000000086600000, 0x0000000086700000, 0x0000000086700000|100%| E|CS|TAMS 0x0000000086600000, 0x0000000086600000| Complete 
| 103|0x0000000086700000, 0x0000000086800000, 0x0000000086800000|100%| E|CS|TAMS 0x0000000086700000, 0x0000000086700000| Complete 
| 104|0x0000000086800000, 0x0000000086900000, 0x0000000086900000|100%| E|CS|TAMS 0x0000000086800000, 0x0000000086800000| Complete 
| 105|0x0000000086900000, 0x0000000086a00000, 0x0000000086a00000|100%| E|CS|TAMS 0x0000000086900000, 0x0000000086900000| Complete 
| 106|0x0000000086a00000, 0x0000000086b00000, 0x0000000086b00000|100%| E|CS|TAMS 0x0000000086a00000, 0x0000000086a00000| Complete 
| 107|0x0000000086b00000, 0x0000000086c00000, 0x0000000086c00000|100%| E|CS|TAMS 0x0000000086b00000, 0x0000000086b00000| Complete 
| 108|0x0000000086c00000, 0x0000000086d00000, 0x0000000086d00000|100%| E|CS|TAMS 0x0000000086c00000, 0x0000000086c00000| Complete 
| 109|0x0000000086d00000, 0x0000000086e00000, 0x0000000086e00000|100%| E|CS|TAMS 0x0000000086d00000, 0x0000000086d00000| Complete 
| 110|0x0000000086e00000, 0x0000000086f00000, 0x0000000086f00000|100%| E|CS|TAMS 0x0000000086e00000, 0x0000000086e00000| Complete 
| 111|0x0000000086f00000, 0x0000000087000000, 0x0000000087000000|100%| E|CS|TAMS 0x0000000086f00000, 0x0000000086f00000| Complete 
| 112|0x0000000087000000, 0x0000000087100000, 0x0000000087100000|100%| E|CS|TAMS 0x0000000087000000, 0x0000000087000000| Complete 
| 113|0x0000000087100000, 0x0000000087200000, 0x0000000087200000|100%| E|CS|TAMS 0x0000000087100000, 0x0000000087100000| Complete 
| 114|0x0000000087200000, 0x0000000087300000, 0x0000000087300000|100%| E|CS|TAMS 0x0000000087200000, 0x0000000087200000| Complete 
| 115|0x0000000087300000, 0x0000000087400000, 0x0000000087400000|100%| E|CS|TAMS 0x0000000087300000, 0x0000000087300000| Complete 
| 116|0x0000000087400000, 0x0000000087500000, 0x0000000087500000|100%| E|CS|TAMS 0x0000000087400000, 0x0000000087400000| Complete 
| 117|0x0000000087500000, 0x0000000087600000, 0x0000000087600000|100%| E|CS|TAMS 0x0000000087500000, 0x0000000087500000| Complete 
| 118|0x0000000087600000, 0x0000000087700000, 0x0000000087700000|100%| E|CS|TAMS 0x0000000087600000, 0x0000000087600000| Complete 
| 119|0x0000000087700000, 0x0000000087800000, 0x0000000087800000|100%| E|CS|TAMS 0x0000000087700000, 0x0000000087700000| Complete 
| 120|0x0000000087800000, 0x0000000087900000, 0x0000000087900000|100%| E|CS|TAMS 0x0000000087800000, 0x0000000087800000| Complete 
| 121|0x0000000087900000, 0x0000000087a00000, 0x0000000087a00000|100%| E|CS|TAMS 0x0000000087900000, 0x0000000087900000| Complete 
| 122|0x0000000087a00000, 0x0000000087b00000, 0x0000000087b00000|100%| E|CS|TAMS 0x0000000087a00000, 0x0000000087a00000| Complete 
| 123|0x0000000087b00000, 0x0000000087c00000, 0x0000000087c00000|100%| E|CS|TAMS 0x0000000087b00000, 0x0000000087b00000| Complete 

Card table byte_map: [0x000001e32a140000,0x000001e32a540000] _byte_map_base: 0x000001e329d40000

Marking Bits (Prev, Next): (CMBitMap*) 0x000001e316f4bb80, (CMBitMap*) 0x000001e316f4bb48
 Prev Bits: [0x000001e32c940000, 0x000001e32e940000)
 Next Bits: [0x000001e32a940000, 0x000001e32c940000)

Polling page: 0x000001e314ee0000

Metaspace:

Usage:
  Non-class:     21.32 MB capacity,    20.95 MB ( 98%) used,   330.78 KB (  2%) free+waste,    44.88 KB ( <1%) overhead. 
      Class:      3.32 MB capacity,     3.10 MB ( 93%) used,   201.37 KB (  6%) free+waste,    22.50 KB ( <1%) overhead. 
       Both:     24.64 MB capacity,    24.06 MB ( 98%) used,   532.15 KB (  2%) free+waste,    67.38 KB ( <1%) overhead. 

Virtual space:
  Non-class space:       22.00 MB reserved,      21.42 MB ( 97%) committed 
      Class space:        1.00 GB reserved,       3.38 MB ( <1%) committed 
             Both:        1.02 GB reserved,      24.80 MB (  2%) committed 

Chunk freelists:
   Non-Class:  40.00 KB
       Class:  24.00 KB
        Both:  64.00 KB

MaxMetaspaceSize: 17179869184.00 GB
CompressedClassSpaceSize: 1.00 GB

CodeHeap 'non-profiled nmethods': size=120000Kb used=1079Kb max_used=1079Kb free=118921Kb
 bounds [0x000001e3224d0000, 0x000001e322740000, 0x000001e329a00000]
CodeHeap 'profiled nmethods': size=120000Kb used=4450Kb max_used=4450Kb free=115549Kb
 bounds [0x000001e31afa0000, 0x000001e31b400000, 0x000001e3224d0000]
CodeHeap 'non-nmethods': size=5760Kb used=1153Kb max_used=1186Kb free=4606Kb
 bounds [0x000001e31aa00000, 0x000001e31ac70000, 0x000001e31afa0000]
 total_blobs=2626 nmethods=2131 adapters=406
 compilation: enabled
              stopped_count=0, restarted_count=0
 full_count=0

Compilation events (20 events):
Event: 6.270 Thread 0x000001e3313c9800 2108       3       org.gradle.internal.service.DefaultServiceRegistry::isSatisfiedBy (44 bytes)
Event: 6.270 Thread 0x000001e3313c9800 nmethod 2108 0x000001e31b3ecd10 code [0x000001e31b3ecf20, 0x000001e31b3ed5e8]
Event: 6.270 Thread 0x000001e3313c9800 2109       3       org.gradle.internal.service.DefaultServiceRegistry$SingletonService::getService (18 bytes)
Event: 6.271 Thread 0x000001e3313c9800 nmethod 2109 0x000001e31b3ed710 code [0x000001e31b3ed8e0, 0x000001e31b3edaf8]
Event: 6.271 Thread 0x000001e3313c9800 2110       3       org.gradle.internal.service.DefaultServiceRegistry::access$1300 (6 bytes)
Event: 6.271 Thread 0x000001e3313c9800 nmethod 2110 0x000001e31b3edc10 code [0x000001e31b3eddc0, 0x000001e31b3edec8]
Event: 6.285 Thread 0x000001e3313c9800 2111       3       java.io.Reader::<init> (27 bytes)
Event: 6.286 Thread 0x000001e3313c9800 nmethod 2111 0x000001e31b3edf90 code [0x000001e31b3ee160, 0x000001e31b3ee448]
Event: 6.288 Thread 0x000001e3313c9800 2112       3       java.net.URLConnection::<init> (62 bytes)
Event: 6.289 Thread 0x000001e3313c9800 nmethod 2112 0x000001e31b3ee590 code [0x000001e31b3ee7c0, 0x000001e31b3eee88]
Event: 6.289 Thread 0x000001e3313c9800 2113       3       java.net.URLConnection::getDefaultUseCaches (30 bytes)
Event: 6.290 Thread 0x000001e3313c9800 nmethod 2113 0x000001e31b3ef090 code [0x000001e31b3ef2a0, 0x000001e31b3ef748]
Event: 6.313 Thread 0x000001e3313c9800 2114       3       java.util.concurrent.ConcurrentHashMap::tableSizeFor (32 bytes)
Event: 6.313 Thread 0x000001e3313c9800 nmethod 2114 0x000001e31b3ef910 code [0x000001e31b3efae0, 0x000001e31b3efcc8]
Event: 6.373 Thread 0x000001e3313c9800 2115       3       jdk.internal.org.objectweb.asm.Type::getArgumentTypes (131 bytes)
Event: 6.375 Thread 0x000001e3313c9800 nmethod 2115 0x000001e31b3efd90 code [0x000001e31b3effe0, 0x000001e31b3f0ae8]
Event: 6.375 Thread 0x000001e3313c9800 2116       3       jdk.internal.org.objectweb.asm.MethodVisitor::visitVarInsn (17 bytes)
Event: 6.375 Thread 0x000001e3313c9800 nmethod 2116 0x000001e31b3f0e90 code [0x000001e31b3f1040, 0x000001e31b3f1228]
Event: 6.375 Thread 0x000001e3313c9800 2117       3       java.lang.reflect.Constructor::setConstructorAccessor (21 bytes)
Event: 6.375 Thread 0x000001e3313c9800 nmethod 2117 0x000001e31b3f1310 code [0x000001e31b3f14e0, 0x000001e31b3f17c8]

GC Heap History (6 events):
Event: 0.822 GC heap before
{Heap before GC invocations=0 (full 0):
 garbage-first heap   total 126976K, used 29696K [0x0000000080000000, 0x0000000100000000)
  region size 1024K, 24 young (24576K), 0 survivors (0K)
 Metaspace       used 10257K, capacity 10497K, committed 10624K, reserved 1058816K
  class space    used 1074K, capacity 1139K, committed 1152K, reserved 1048576K
}
Event: 0.829 GC heap after
{Heap after GC invocations=1 (full 0):
 garbage-first heap   total 126976K, used 9684K [0x0000000080000000, 0x0000000100000000)
  region size 1024K, 3 young (3072K), 3 survivors (3072K)
 Metaspace       used 10257K, capacity 10497K, committed 10624K, reserved 1058816K
  class space    used 1074K, capacity 1139K, committed 1152K, reserved 1048576K
}
Event: 3.534 GC heap before
{Heap before GC invocations=1 (full 0):
 garbage-first heap   total 126976K, used 82388K [0x0000000080000000, 0x0000000100000000)
  region size 1024K, 74 young (75776K), 3 survivors (3072K)
 Metaspace       used 17600K, capacity 18000K, committed 18176K, reserved 1064960K
  class space    used 2079K, capacity 2219K, committed 2304K, reserved 1048576K
}
Event: 3.576 GC heap after
{Heap after GC invocations=2 (full 0):
 garbage-first heap   total 126976K, used 16788K [0x0000000080000000, 0x0000000100000000)
  region size 1024K, 10 young (10240K), 10 survivors (10240K)
 Metaspace       used 17600K, capacity 18000K, committed 18176K, reserved 1064960K
  class space    used 2079K, capacity 2219K, committed 2304K, reserved 1048576K
}
Event: 4.471 GC heap before
{Heap before GC invocations=2 (full 0):
 garbage-first heap   total 126976K, used 42388K [0x0000000080000000, 0x0000000100000000)
  region size 1024K, 36 young (36864K), 10 survivors (10240K)
 Metaspace       used 20666K, capacity 21112K, committed 21296K, reserved 1069056K
  class space    used 2533K, capacity 2660K, committed 2688K, reserved 1048576K
}
Event: 4.484 GC heap after
{Heap after GC invocations=3 (full 0):
 garbage-first heap   total 126976K, used 17293K [0x0000000080000000, 0x0000000100000000)
  region size 1024K, 2 young (2048K), 2 survivors (2048K)
 Metaspace       used 20666K, capacity 21112K, committed 21296K, reserved 1069056K
  class space    used 2533K, capacity 2660K, committed 2688K, reserved 1048576K
}

Deoptimization events (20 events):
Event: 4.417 Thread 0x000001e332e41000 Uncommon trap: trap_request=0xffffffc6 fr.pc=0x000001e32254b0d4 relative=0x0000000000000114
Event: 4.417 Thread 0x000001e332e41000 Uncommon trap: reason=bimorphic_or_optimized_type_check action=maybe_recompile pc=0x000001e32254b0d4 method=java.util.AbstractList$Itr.next()Ljava/lang/Object; @ 14 c2
Event: 4.418 Thread 0x000001e332e41000 DEOPT PACKING pc=0x000001e32254b0d4 sp=0x000000cb947fa6d0
Event: 4.418 Thread 0x000001e332e41000 DEOPT UNPACKING pc=0x000001e31aa2662f sp=0x000000cb947fa668 mode 2
Event: 4.420 Thread 0x000001e332e41000 Uncommon trap: trap_request=0xffffff4d fr.pc=0x000001e3225471f8 relative=0x00000000000005b8
Event: 4.420 Thread 0x000001e332e41000 Uncommon trap: reason=unstable_if action=reinterpret pc=0x000001e3225471f8 method=java.io.File.getName()Ljava/lang/String; @ 16 c2
Event: 4.420 Thread 0x000001e332e41000 DEOPT PACKING pc=0x000001e3225471f8 sp=0x000000cb947fb0a0
Event: 4.420 Thread 0x000001e332e41000 DEOPT UNPACKING pc=0x000001e31aa2662f sp=0x000000cb947fb070 mode 2
Event: 4.420 Thread 0x000001e332e41000 Uncommon trap: trap_request=0xffffff4d fr.pc=0x000001e322546010 relative=0x0000000000000450
Event: 4.420 Thread 0x000001e332e41000 Uncommon trap: reason=unstable_if action=reinterpret pc=0x000001e322546010 method=java.lang.String.substring(I)Ljava/lang/String; @ 34 c2
Event: 4.420 Thread 0x000001e332e41000 DEOPT PACKING pc=0x000001e322546010 sp=0x000000cb947fb020
Event: 4.420 Thread 0x000001e332e41000 DEOPT UNPACKING pc=0x000001e31aa2662f sp=0x000000cb947faff8 mode 2
Event: 4.919 Thread 0x000001e332e41000 Uncommon trap: trap_request=0xffffff4d fr.pc=0x000001e3225a8230 relative=0x00000000000003b0
Event: 4.919 Thread 0x000001e332e41000 Uncommon trap: reason=unstable_if action=reinterpret pc=0x000001e3225a8230 method=jdk.internal.org.objectweb.asm.Type.getArgumentsAndReturnSizes(Ljava/lang/String;)I @ 88 c2
Event: 4.919 Thread 0x000001e332e41000 DEOPT PACKING pc=0x000001e3225a8230 sp=0x000000cb947f95b0
Event: 4.919 Thread 0x000001e332e41000 DEOPT UNPACKING pc=0x000001e31aa2662f sp=0x000000cb947f9538 mode 2
Event: 5.770 Thread 0x000001e332e41000 Uncommon trap: trap_request=0xffffff4d fr.pc=0x000001e322580a74 relative=0x0000000000000234
Event: 5.770 Thread 0x000001e332e41000 Uncommon trap: reason=unstable_if action=reinterpret pc=0x000001e322580a74 method=java.util.concurrent.ConcurrentHashMap.get(Ljava/lang/Object;)Ljava/lang/Object; @ 76 c2
Event: 5.770 Thread 0x000001e332e41000 DEOPT PACKING pc=0x000001e322580a74 sp=0x000000cb947f9770
Event: 5.770 Thread 0x000001e332e41000 DEOPT UNPACKING pc=0x000001e31aa2662f sp=0x000000cb947f96d8 mode 2

Classes redefined (0 events):
No events

Internal exceptions (20 events):
Event: 2.345 Thread 0x000001e316f0e800 Exception <a 'java/lang/NoSuchMethodError'{0x0000000083fc3838}: 'java.lang.Object java.lang.invoke.DirectMethodHandle$Holder.invokeStaticInit(java.lang.Object, java.lang.Object, int, int, int, int)'> (0x0000000083fc3838) thrown at [./src/hotspot/share/interpreter/linkResolver.cpp, line 773]
Event: 3.132 Thread 0x000001e316f0e800 Exception <a 'java/io/IOException'{0x0000000083c07c70}> (0x0000000083c07c70) thrown at [./src/hotspot/share/prims/jni.cpp, line 615]
Event: 3.358 Thread 0x000001e332e41000 Exception <a 'java/lang/NoSuchMethodError'{0x00000000837a2148}: 'void java.lang.invoke.DirectMethodHandle$Holder.invokeVirtual(java.lang.Object, java.lang.Object, java.lang.Object, java.lang.Object)'> (0x00000000837a2148) thrown at [./src/hotspot/share/interpreter/linkResolver.cpp, line 773]
Event: 3.360 Thread 0x000001e332e41000 Exception <a 'java/lang/NoSuchMethodError'{0x00000000837b1250}: 'void java.lang.invoke.DelegatingMethodHandle$Holder.reinvoke_L(java.lang.Object, java.lang.Object, java.lang.Object, java.lang.Object)'> (0x00000000837b1250) thrown at [./src/hotspot/share/interpreter/linkResolver.cpp, line 773]
Event: 3.368 Thread 0x000001e332e41000 Exception <a 'java/lang/NoSuchMethodError'{0x00000000837e2078}: 'long java.lang.invoke.DirectMethodHandle$Holder.invokeInterface(java.lang.Object, java.lang.Object)'> (0x00000000837e2078) thrown at [./src/hotspot/share/interpreter/linkResolver.cpp, line 773]
Event: 3.373 Thread 0x000001e332e41000 Exception <a 'java/lang/NoSuchMethodError'{0x0000000083605b98}: 'void java.lang.invoke.DelegatingMethodHandle$Holder.reinvoke_L(java.lang.Object, java.lang.Object, java.lang.Object, java.lang.Object, java.lang.Object, java.lang.Object, java.lang.Object)'> (0x0000000083605b98) thrown at [./src/hotspot/share/interpreter/linkResolver.cpp, line 773]
Event: 4.077 Thread 0x000001e332e41000 Exception <a 'java/lang/NoSuchMethodError'{0x000000008674b078}: 'void java.lang.invoke.DirectMethodHandle$Holder.invokeStaticInit(java.lang.Object)'> (0x000000008674b078) thrown at [./src/hotspot/share/interpreter/linkResolver.cpp, line 773]
Event: 4.201 Thread 0x000001e332e41000 Exception <a 'java/lang/NoSuchMethodError'{0x000000008656b318}: 'java.lang.Object java.lang.invoke.DirectMethodHandle$Holder.invokeStatic(java.lang.Object, java.lang.Object, java.lang.Object, int)'> (0x000000008656b318) thrown at [./src/hotspot/share/interpreter/linkResolver.cpp, line 773]
Event: 4.202 Thread 0x000001e332e41000 Exception <a 'java/lang/NoSuchMethodError'{0x000000008656f788}: 'java.lang.Object java.lang.invoke.DirectMethodHandle$Holder.invokeSpecial(java.lang.Object, java.lang.Object, java.lang.Object, java.lang.Object, int)'> (0x000000008656f788) thrown at [./src/hotspot/share/interpreter/linkResolver.cpp, line 773]
Event: 4.202 Thread 0x000001e332e41000 Exception <a 'java/lang/NoSuchMethodError'{0x0000000086573418}: 'java.lang.Object java.lang.invoke.Invokers$Holder.linkToTargetMethod(java.lang.Object, java.lang.Object, int, java.lang.Object)'> (0x0000000086573418) thrown at [./src/hotspot/share/interpreter/linkResolver.cpp, line 773]
Event: 4.577 Thread 0x000001e332e41000 Exception <a 'java/lang/NoSuchMethodError'{0x0000000087aa6f18}: 'int java.lang.invoke.DirectMethodHandle$Holder.invokeSpecialIFC(java.lang.Object, java.lang.Object, java.lang.Object, java.lang.Object)'> (0x0000000087aa6f18) thrown at [./src/hotspot/share/interpreter/linkResolver.cpp, line 773]
Event: 4.580 Thread 0x000001e332e41000 Exception <a 'java/lang/NoSuchMethodError'{0x0000000087ab5418}: 'java.lang.Object java.lang.invoke.DirectMethodHandle$Holder.invokeInterface(java.lang.Object, java.lang.Object, java.lang.Object)'> (0x0000000087ab5418) thrown at [./src/hotspot/share/interpreter/linkResolver.cpp, line 773]
Event: 4.581 Thread 0x000001e332e41000 Exception <a 'java/lang/IncompatibleClassChangeError'{0x0000000087ab88f0}: Found class java.lang.Object, but interface was expected> (0x0000000087ab88f0) thrown at [./src/hotspot/share/interpreter/linkResolver.cpp, line 839]
Event: 4.670 Thread 0x000001e332e41000 Exception <a 'java/lang/NoSuchMethodError'{0x00000000878b57a8}: 'void java.lang.invoke.DirectMethodHandle$Holder.invokeStatic(java.lang.Object, java.lang.Object, java.lang.Object, java.lang.Object, java.lang.Object)'> (0x00000000878b57a8) thrown at [./src/hotspot/share/interpreter/linkResolver.cpp, line 773]
Event: 5.127 Thread 0x000001e332e41000 Exception <a 'java/lang/NoSuchMethodError'{0x00000000871d4b60}: 'java.lang.Object java.lang.invoke.DirectMethodHandle$Holder.invokeSpecial(java.lang.Object, java.lang.Object, java.lang.Object, java.lang.Object, java.lang.Object, java.lang.Object, java.lang.Object, java.lang.Object, java.lang.Object)'> (0x00000000871d4b60) thrown at [./src/hotspot/share/interpreter/linkResolver.cpp, line 773]
Event: 5.411 Thread 0x000001e332e41000 Exception <a 'java/lang/NoSuchMethodError'{0x00000000867666c0}: 'java.lang.Object java.lang.invoke.DirectMethodHandle$Holder.invokeVirtual(java.lang.Object, java.lang.Object, java.lang.Object, java.lang.Object)'> (0x00000000867666c0) thrown at [./src/hotspot/share/interpreter/linkResolver.cpp, line 773]
Event: 6.074 Thread 0x000001e332e41000 Exception <a 'java/lang/NoSuchMethodError'{0x0000000085e0e158}: 'void java.lang.invoke.DirectMethodHandle$Holder.invokeSpecial(java.lang.Object, java.lang.Object, java.lang.Object, java.lang.Object, java.lang.Object, java.lang.Object)'> (0x0000000085e0e158) thrown at [./src/hotspot/share/interpreter/linkResolver.cpp, line 773]
Event: 6.119 Thread 0x000001e332e41000 Exception <a 'java/lang/NoSuchMethodError'{0x0000000085e7d348}: 'void java.lang.invoke.DirectMethodHandle$Holder.invokeSpecial(java.lang.Object, java.lang.Object, java.lang.Object, java.lang.Object, java.lang.Object, java.lang.Object, java.lang.Object)'> (0x0000000085e7d348) thrown at [./src/hotspot/share/interpreter/linkResolver.cpp, line 773]
Event: 6.135 Thread 0x000001e332e41000 Exception <a 'java/lang/NoSuchMethodError'{0x0000000085e85838}: 'java.lang.Object java.lang.invoke.Invokers$Holder.linkToTargetMethod(java.lang.Object, java.lang.Object, java.lang.Object, java.lang.Object, java.lang.Object, java.lang.Object)'> (0x0000000085e85838) thrown at [./src/hotspot/share/interpreter/linkResolver.cpp, line 773]
Event: 6.373 Thread 0x000001e332e41000 Exception <a 'java/lang/NoSuchMethodError'{0x00000000855dd000}: 'int java.lang.invoke.DirectMethodHandle$Holder.invokeStaticInit(java.lang.Object, java.lang.Object, java.lang.Object)'> (0x00000000855dd000) thrown at [./src/hotspot/share/interpreter/linkResolver.cpp, line 773]

Events (20 events):
Event: 6.369 loading class org/gradle/initialization/DefaultGradlePropertiesController$SharedGradleProperties
Event: 6.369 loading class org/gradle/initialization/DefaultGradlePropertiesController$SharedGradleProperties done
Event: 6.369 loading class org/gradle/initialization/NotifyingBuildLoader
Event: 6.369 loading class org/gradle/initialization/NotifyingBuildLoader done
Event: 6.370 loading class org/gradle/initialization/NotifyProjectsLoadedBuildOperationType$Result
Event: 6.370 loading class org/gradle/initialization/NotifyProjectsLoadedBuildOperationType$Result done
Event: 6.371 loading class org/gradle/initialization/LoadProjectsBuildOperationType$Result$Project
Event: 6.371 loading class org/gradle/initialization/LoadProjectsBuildOperationType$Result$Project done
Event: 6.372 loading class org/gradle/initialization/NotifyingBuildLoader$1
Event: 6.372 loading class org/gradle/initialization/NotifyingBuildLoader$1 done
Event: 6.373 loading class org/gradle/initialization/LoadProjectsBuildOperationType$Result$Project
Event: 6.373 loading class org/gradle/initialization/LoadProjectsBuildOperationType$Result$Project done
Event: 6.374 Executing VM operation: RevokeBias
Event: 6.374 Executing VM operation: RevokeBias done
Event: 6.374 loading class org/gradle/initialization/LoadProjectsBuildOperationType$Result$Project
Event: 6.374 loading class org/gradle/initialization/LoadProjectsBuildOperationType$Result$Project done
Event: 6.374 loading class org/gradle/initialization/ProjectPropertySettingBuildLoader
Event: 6.374 loading class org/gradle/initialization/ProjectPropertySettingBuildLoader done
Event: 6.376 loading class org/gradle/initialization/InstantiatingBuildLoader
Event: 6.376 loading class org/gradle/initialization/InstantiatingBuildLoader done


Dynamic libraries:
0x00007ff65cf40000 - 0x00007ff65cf4a000 	C:\Program Files\Android\Android Studio\jre\bin\java.exe
0x00007ffc4a2a0000 - 0x00007ffc4a4a9000 	C:\WINDOWS\SYSTEM32\ntdll.dll
0x00007ffc495b0000 - 0x00007ffc4966d000 	C:\WINDOWS\System32\KERNEL32.DLL
0x00007ffc47880000 - 0x00007ffc47bf4000 	C:\WINDOWS\System32\KERNELBASE.dll
0x0000000055a80000 - 0x0000000055b13000 	C:\WINDOWS\System32\SYSFER.DLL
0x00007ffc47df0000 - 0x00007ffc47f01000 	C:\WINDOWS\System32\ucrtbase.dll
0x00007ffc12ce0000 - 0x00007ffc12cf9000 	C:\Program Files\Android\Android Studio\jre\bin\jli.dll
0x00007ffc12990000 - 0x00007ffc129a7000 	C:\Program Files\Android\Android Studio\jre\bin\VCRUNTIME140.dll
0x00007ffc49ae0000 - 0x00007ffc49c8c000 	C:\WINDOWS\System32\USER32.dll
0x00007ffc47c00000 - 0x00007ffc47c26000 	C:\WINDOWS\System32\win32u.dll
0x00007ffc36150000 - 0x00007ffc363f5000 	C:\WINDOWS\WinSxS\amd64_microsoft.windows.common-controls_6595b64144ccf1df_6.0.22000.120_none_9d947278b86cc467\COMCTL32.dll
0x00007ffc48c20000 - 0x00007ffc48c49000 	C:\WINDOWS\System32\GDI32.dll
0x00007ffc49500000 - 0x00007ffc495a3000 	C:\WINDOWS\System32\msvcrt.dll
0x00007ffc47c30000 - 0x00007ffc47d42000 	C:\WINDOWS\System32\gdi32full.dll
0x00007ffc47d50000 - 0x00007ffc47ded000 	C:\WINDOWS\System32\msvcp_win.dll
0x00007ffc486f0000 - 0x00007ffc48721000 	C:\WINDOWS\System32\IMM32.DLL
0x00007ffc0eaa0000 - 0x00007ffc0eb3d000 	C:\Program Files\Android\Android Studio\jre\bin\msvcp140.dll
0x00007ffc0cff0000 - 0x00007ffc0dac5000 	C:\Program Files\Android\Android Studio\jre\bin\server\jvm.dll
0x00007ffc49a30000 - 0x00007ffc49ade000 	C:\WINDOWS\System32\ADVAPI32.dll
0x00007ffc48730000 - 0x00007ffc487ce000 	C:\WINDOWS\System32\sechost.dll
0x00007ffc4a140000 - 0x00007ffc4a260000 	C:\WINDOWS\System32\RPCRT4.dll
0x00007ffc49f50000 - 0x00007ffc49f58000 	C:\WINDOWS\System32\PSAPI.DLL
0x00007ffc42190000 - 0x00007ffc42199000 	C:\WINDOWS\SYSTEM32\WSOCK32.dll
0x00007ffc49890000 - 0x00007ffc498ff000 	C:\WINDOWS\System32\WS2_32.dll
0x00007ffc42000000 - 0x00007ffc42033000 	C:\WINDOWS\SYSTEM32\WINMM.dll
0x00007ffc3f200000 - 0x00007ffc3f20a000 	C:\WINDOWS\SYSTEM32\VERSION.dll
0x00007ffc46980000 - 0x00007ffc46998000 	C:\WINDOWS\SYSTEM32\kernel.appcore.dll
0x00007ffc421c0000 - 0x00007ffc421d1000 	C:\Program Files\Android\Android Studio\jre\bin\verify.dll
0x00007ffc36480000 - 0x00007ffc366a1000 	C:\WINDOWS\SYSTEM32\DBGHELP.DLL
0x00007ffc36400000 - 0x00007ffc36431000 	C:\WINDOWS\SYSTEM32\dbgcore.DLL
0x00007ffc47790000 - 0x00007ffc4780f000 	C:\WINDOWS\System32\bcryptPrimitives.dll
0x00007ffc420c0000 - 0x00007ffc420e9000 	C:\Program Files\Android\Android Studio\jre\bin\java.dll
0x00007ffc42100000 - 0x00007ffc4210b000 	C:\Program Files\Android\Android Studio\jre\bin\jimage.dll
0x00007ffc32d70000 - 0x00007ffc32d88000 	C:\Program Files\Android\Android Studio\jre\bin\zip.dll
0x00007ffc48ce0000 - 0x00007ffc4948f000 	C:\WINDOWS\System32\SHELL32.dll
0x00007ffc45900000 - 0x00007ffc46168000 	C:\WINDOWS\SYSTEM32\windows.storage.dll
0x00007ffc487d0000 - 0x00007ffc48b48000 	C:\WINDOWS\System32\combase.dll
0x00007ffc45790000 - 0x00007ffc458f6000 	C:\WINDOWS\SYSTEM32\wintypes.dll
0x00007ffc49e60000 - 0x00007ffc49f4a000 	C:\WINDOWS\System32\SHCORE.dll
0x00007ffc48b60000 - 0x00007ffc48bbd000 	C:\WINDOWS\System32\shlwapi.dll
0x00007ffc476c0000 - 0x00007ffc476e1000 	C:\WINDOWS\SYSTEM32\profapi.dll
0x00007ffc25640000 - 0x00007ffc2565a000 	C:\Program Files\Android\Android Studio\jre\bin\net.dll
0x00007ffc41360000 - 0x00007ffc4146c000 	C:\WINDOWS\SYSTEM32\WINHTTP.dll
0x00007ffc46db0000 - 0x00007ffc46e17000 	C:\WINDOWS\system32\mswsock.dll
0x00007ffc255e0000 - 0x00007ffc255f4000 	C:\Program Files\Android\Android Studio\jre\bin\nio.dll
0x00007ffc1dcc0000 - 0x00007ffc1dce7000 	C:\Users\User\.gradle\native\e1d6ef7f7dcc3fd88c89a11ec53ec762bb8ba0a96d01ffa2cd45eb1d1d8dd5c5\windows-amd64\native-platform.dll
0x00007ffc0b010000 - 0x00007ffc0b154000 	C:\Users\User\.gradle\native\5664cfc778a61ccfe75a443a1ab52a65af34e5dc3c78e0209fed803814484fcb\windows-amd64\native-platform-file-events.dll
0x00007ffc42080000 - 0x00007ffc4208a000 	C:\Program Files\Android\Android Studio\jre\bin\management.dll
0x00007ffc32d60000 - 0x00007ffc32d6d000 	C:\Program Files\Android\Android Studio\jre\bin\management_ext.dll
0x00007ffc46ff0000 - 0x00007ffc47008000 	C:\WINDOWS\SYSTEM32\CRYPTSP.dll
0x00007ffc468e0000 - 0x00007ffc46915000 	C:\WINDOWS\system32\rsaenh.dll
0x00007ffc46ea0000 - 0x00007ffc46ec9000 	C:\WINDOWS\SYSTEM32\USERENV.dll
0x00007ffc47170000 - 0x00007ffc47197000 	C:\WINDOWS\SYSTEM32\bcrypt.dll
0x00007ffc47010000 - 0x00007ffc4701c000 	C:\WINDOWS\SYSTEM32\CRYPTBASE.dll
0x00007ffc464b0000 - 0x00007ffc464dd000 	C:\WINDOWS\SYSTEM32\IPHLPAPI.DLL
0x00007ffc49e50000 - 0x00007ffc49e59000 	C:\WINDOWS\System32\NSI.dll
0x00007ffc41540000 - 0x00007ffc41559000 	C:\WINDOWS\SYSTEM32\dhcpcsvc6.DLL
0x00007ffc41b10000 - 0x00007ffc41b2e000 	C:\WINDOWS\SYSTEM32\dhcpcsvc.DLL
0x00007ffc464e0000 - 0x00007ffc465c8000 	C:\WINDOWS\SYSTEM32\DNSAPI.dll

dbghelp: loaded successfully - version: 4.0.5 - missing functions: none
symbol engine: initialized successfully - sym options: 0x614 - pdb path: .;C:\Program Files\Android\Android Studio\jre\bin;C:\WINDOWS\SYSTEM32;C:\WINDOWS\WinSxS\amd64_microsoft.windows.common-controls_6595b64144ccf1df_6.0.22000.120_none_9d947278b86cc467;C:\Program Files\Android\Android Studio\jre\bin\server;C:\Users\User\.gradle\native\e1d6ef7f7dcc3fd88c89a11ec53ec762bb8ba0a96d01ffa2cd45eb1d1d8dd5c5\windows-amd64;C:\Users\User\.gradle\native\5664cfc778a61ccfe75a443a1ab52a65af34e5dc3c78e0209fed803814484fcb\windows-amd64

VM Arguments:
jvm_args: --add-opens=java.base/java.util=ALL-UNNAMED --add-opens=java.base/java.lang=ALL-UNNAMED --add-opens=java.base/java.lang.invoke=ALL-UNNAMED --add-opens=java.base/java.util=ALL-UNNAMED --add-opens=java.prefs/java.util.prefs=ALL-UNNAMED --add-opens=java.prefs/java.util.prefs=ALL-UNNAMED --add-opens=java.base/java.nio.charset=ALL-UNNAMED --add-opens=java.base/java.net=ALL-UNNAMED --add-opens=java.base/java.util.concurrent.atomic=ALL-UNNAMED -Xmx2048m -Dfile.encoding=UTF-8 -Duser.country=RU -Duser.language=ru -Duser.variant 
java_command: org.gradle.launcher.daemon.bootstrap.GradleDaemon 7.2
java_class_path (initial): C:\Users\User\.gradle\wrapper\dists\gradle-7.2-bin\2dnblmf4td7x66yl1d74lt32g\gradle-7.2\lib\gradle-launcher-7.2.jar
Launcher Type: SUN_STANDARD

[Global flags]
     intx CICompilerCount                          = 4                                         {product} {ergonomic}
     uint ConcGCThreads                            = 2                                         {product} {ergonomic}
     uint G1ConcRefinementThreads                  = 8                                         {product} {ergonomic}
   size_t G1HeapRegionSize                         = 1048576                                   {product} {ergonomic}
    uintx GCDrainStackTargetSize                   = 64                                        {product} {ergonomic}
   size_t InitialHeapSize                          = 130023424                                 {product} {ergonomic}
   size_t MarkStackSize                            = 4194304                                   {product} {ergonomic}
   size_t MaxHeapSize                              = 2147483648                                {product} {command line}
   size_t MaxNewSize                               = 1287651328                                {product} {ergonomic}
   size_t MinHeapDeltaBytes                        = 1048576                                   {product} {ergonomic}
    uintx NonNMethodCodeHeapSize                   = 5836300                                {pd product} {ergonomic}
    uintx NonProfiledCodeHeapSize                  = 122910970                              {pd product} {ergonomic}
    uintx ProfiledCodeHeapSize                     = 122910970                              {pd product} {ergonomic}
    uintx ReservedCodeCacheSize                    = 251658240                              {pd product} {ergonomic}
     bool SegmentedCodeCache                       = true                                      {product} {ergonomic}
     bool UseCompressedClassPointers               = true                                 {lp64_product} {ergonomic}
     bool UseCompressedOops                        = true                                 {lp64_product} {ergonomic}
     bool UseG1GC                                  = true                                      {product} {ergonomic}
     bool UseLargePagesIndividualAllocation        = false                                  {pd product} {ergonomic}

Logging:
Log output configuration:
 #0: stdout all=warning uptime,level,tags
 #1: stderr all=off uptime,level,tags

Environment Variables:
JAVA_HOME=C:\Program Files\Java\ <jdk1.8.0_131>
PATH=C:\Program Files (x86)\Common Files\Oracle\Java\javapath;C:\WINDOWS\system32;C:\WINDOWS;C:\WINDOWS\System32\Wbem;C:\WINDOWS\System32\WindowsPowerShell\v1.0\;C:\WINDOWS\System32\OpenSSH\;C:\Program Files\Java\ <jdk1.8.0_131>\bin;C:\Program Files\Git\cmd;C:\Users\User\AppData\Local\Microsoft\WindowsApps;;C:\Users\User\AppData\Local\Programs\Microsoft VS Code\bin
USERNAME=User
OS=Windows_NT
PROCESSOR_IDENTIFIER=Intel64 Family 6 Model 142 Stepping 10, GenuineIntel



---------------  S Y S T E M  ---------------

OS: Windows 10 , 64 bit Build 22000 (10.0.22000.613)
OS uptime: 8 days 13:20 hours

CPU:total 8 (initial active 8) (4 cores per cpu, 2 threads per core) family 6 model 142 stepping 10 microcode 0xe0, cmov, cx8, fxsr, mmx, sse, sse2, sse3, ssse3, sse4.1, sse4.2, popcnt, avx, avx2, aes, clmul, erms, 3dnowpref, lzcnt, ht, tsc, tscinvbit, bmi1, bmi2, adx, fma

Memory: 4k page, system-wide physical 7845M (141M free)
TotalPageFile size 11941M (AvailPageFile size 4M)
current process WorkingSet (physical memory assigned to process): 209M, peak: 211M
current process commit charge ("private bytes"): 274M, peak: 277M

vm_info: OpenJDK 64-Bit Server VM (11.0.11+9-b60-7590822) for windows-amd64 JRE (11.0.11+9-b60-7590822), built on Jul 29 2021 21:43:44 by "builder" with MS VC++ 14.0 (VS2015)

END.
